0 info it worked if it ends with ok
1 verbose cli [ '/usr/bin/nodejs',
1 verbose cli   '/usr/bin/npm',
1 verbose cli   'start',
1 verbose cli   'port=1220',
1 verbose cli   'lazyness=0.5' ]
2 info using npm@3.10.8
3 info using node@v6.8.0
4 verbose run-script [ 'prestart', 'start', 'poststart' ]
5 info lifecycle sturdy-doodle@0.0.1~prestart: sturdy-doodle@0.0.1
6 silly lifecycle sturdy-doodle@0.0.1~prestart: no script for prestart, continuing
7 info lifecycle sturdy-doodle@0.0.1~start: sturdy-doodle@0.0.1
8 verbose lifecycle sturdy-doodle@0.0.1~start: unsafe-perm in lifecycle true
9 verbose lifecycle sturdy-doodle@0.0.1~start: PATH: /usr/lib/node_modules/npm/bin/node-gyp-bin:/home/truu/School/webapps_II/sturdy-doodle/node_modules/.bin:/home/truu/bin:/home/truu/.local/bin:/usr/local/sbin:/usr/local/bin:/usr/sbin:/usr/bin:/sbin:/bin:/usr/games:/usr/local/games
10 verbose lifecycle sturdy-doodle@0.0.1~start: CWD: /home/truu/School/webapps_II/sturdy-doodle
11 silly lifecycle sturdy-doodle@0.0.1~start: Args: [ '-c', 'node index "port=1220" "lazyness=0.5"' ]
12 silly lifecycle sturdy-doodle@0.0.1~start: Returned: code: 1  signal: null
13 info lifecycle sturdy-doodle@0.0.1~start: Failed to exec start script
14 verbose stack Error: sturdy-doodle@0.0.1 start: `node index "port=1220" "lazyness=0.5"`
14 verbose stack Exit status 1
14 verbose stack     at EventEmitter.<anonymous> (/usr/lib/node_modules/npm/lib/utils/lifecycle.js:255:16)
14 verbose stack     at emitTwo (events.js:106:13)
14 verbose stack     at EventEmitter.emit (events.js:191:7)
14 verbose stack     at ChildProcess.<anonymous> (/usr/lib/node_modules/npm/lib/utils/spawn.js:40:14)
14 verbose stack     at emitTwo (events.js:106:13)
14 verbose stack     at ChildProcess.emit (events.js:191:7)
14 verbose stack     at maybeClose (internal/child_process.js:877:16)
14 verbose stack     at Process.ChildProcess._handle.onexit (internal/child_process.js:226:5)
15 verbose pkgid sturdy-doodle@0.0.1
16 verbose cwd /home/truu/School/webapps_II/sturdy-doodle
17 error Linux 4.4.0-43-generic
18 error argv "/usr/bin/nodejs" "/usr/bin/npm" "start" "port=1220" "lazyness=0.5"
19 error node v6.8.0
20 error npm  v3.10.8
21 error code ELIFECYCLE
22 error sturdy-doodle@0.0.1 start: `node index "port=1220" "lazyness=0.5"`
22 error Exit status 1
23 error Failed at the sturdy-doodle@0.0.1 start script 'node index "port=1220" "lazyness=0.5"'.
23 error Make sure you have the latest version of node.js and npm installed.
23 error If you do, this is most likely a problem with the sturdy-doodle package,
23 error not with npm itself.
23 error Tell the author that this fails on your system:
23 error     node index "port=1220" "lazyness=0.5"
23 error You can get information on how to open an issue for this project with:
23 error     npm bugs sturdy-doodle
23 error Or if that isn't available, you can get their info via:
23 error     npm owner ls sturdy-doodle
23 error There is likely additional logging output above.
24 verbose exit [ 1, true ]
